build/app/intermediates/manifest_merge_blame_file/release/manifest-merger-blame-release-report.txt
1<?xml version="1.0" encoding="utf-8"?>
2<manifest xmlns:android="http://schemas.android.com/apk/res/android"
3    package="com.example.app_auth"
4    android:versionCode="1"
5    android:versionName="1.0.0" >
6
7    <uses-sdk
8        android:minSdkVersion="19"
8-->src\main\AndroidManifest.xml
9        android:targetSdkVersion="33" />
9-->src\main\AndroidManifest.xml
10
11    <uses-permission android:name="android.permission.INTERNET" />
11-->[:firebase_messaging] AndroidManifest.xml:9:5-67
11-->[:firebase_messaging] AndroidManifest.xml:9:22-64
12    <uses-permission android:name="android.permission.WAKE_LOCK" />
12-->[:firebase_messaging] AndroidManifest.xml:10:5-68
12-->[:firebase_messaging] AndroidManifest.xml:10:22-65
13    <uses-permission android:name="android.permission.ACCESS_NETWORK_STATE" /> <!-- Permissions options for the `notification` group -->
13-->[:firebase_messaging] AndroidManifest.xml:11:5-79
13-->[:firebase_messaging] AndroidManifest.xml:11:22-76
14    <uses-permission android:name="android.permission.POST_NOTIFICATIONS" />
14-->[:firebase_messaging] AndroidManifest.xml:13:5-77
14-->[:firebase_messaging] AndroidManifest.xml:13:22-74
15    <uses-permission android:name="android.permission.READ_EXTERNAL_STORAGE" />
15-->[:file_picker] AndroidManifest.xml:9:5-80
15-->[:file_picker] AndroidManifest.xml:9:22-77
16
17    <queries>
17-->[:file_picker] AndroidManifest.xml:11:5-17:15
18        <intent>
18-->[:file_picker] AndroidManifest.xml:12:9-16:18
19            <action android:name="android.intent.action.GET_CONTENT" />
19-->[:file_picker] AndroidManifest.xml:13:13-72
19-->[:file_picker] AndroidManifest.xml:13:21-69
20
21            <data android:mimeType="*/*" />
21-->[:file_picker] AndroidManifest.xml:15:13-44
21-->[:file_picker] AndroidManifest.xml:15:19-41
22        </intent>
23        <intent>
23-->[:flutter_inappwebview] AndroidManifest.xml:10:9-12:18
24            <action android:name="android.support.customtabs.action.CustomTabsService" />
24-->[:flutter_inappwebview] AndroidManifest.xml:11:13-90
24-->[:flutter_inappwebview] AndroidManifest.xml:11:21-87
25        </intent>
26        <intent>
26-->[androidx.media2:media2-session:1.2.1] AndroidManifest.xml:25:9-27:18
27            <action android:name="android.media.browse.MediaBrowserService" />
27-->[androidx.media2:media2-session:1.2.1] AndroidManifest.xml:26:13-79
27-->[androidx.media2:media2-session:1.2.1] AndroidManifest.xml:26:21-76
28        </intent>
29        <intent>
29-->[androidx.media2:media2-session:1.2.1] AndroidManifest.xml:28:9-30:18
30            <action android:name="androidx.media2.session.MediaSessionService" />
30-->[androidx.media2:media2-session:1.2.1] AndroidManifest.xml:29:13-82
30-->[androidx.media2:media2-session:1.2.1] AndroidManifest.xml:29:21-79
31        </intent>
32        <intent>
32-->[androidx.media2:media2-session:1.2.1] AndroidManifest.xml:31:9-33:18
33            <action android:name="androidx.media2.session.MediaLibraryService" />
33-->[androidx.media2:media2-session:1.2.1] AndroidManifest.xml:32:13-82
33-->[androidx.media2:media2-session:1.2.1] AndroidManifest.xml:32:21-79
34        </intent>
35    </queries>
36
37    <uses-permission android:name="android.permission.RECEIVE_BOOT_COMPLETED" />
37-->[:flutter_local_notifications] AndroidManifest.xml:9:5-81
37-->[:flutter_local_notifications] AndroidManifest.xml:9:22-78
38    <uses-permission android:name="android.permission.VIBRATE" />
38-->[:flutter_local_notifications] AndroidManifest.xml:10:5-66
38-->[:flutter_local_notifications] AndroidManifest.xml:10:22-63
39    <uses-permission android:name="android.permission.USE_FULL_SCREEN_INTENT" />
39-->[:flutter_local_notifications] AndroidManifest.xml:11:5-81
39-->[:flutter_local_notifications] AndroidManifest.xml:11:22-78
40    <uses-permission android:name="android.permission.SCHEDULE_EXACT_ALARM" /> <!-- Required by older versions of Google Play services to create IID tokens -->
40-->[:flutter_local_notifications] AndroidManifest.xml:12:5-79
40-->[:flutter_local_notifications] AndroidManifest.xml:12:22-76
41    <uses-permission android:name="com.google.android.c2dm.permission.RECEIVE" />
41-->[com.google.firebase:firebase-messaging:23.2.0] AndroidManifest.xml:28:5-82
41-->[com.google.firebase:firebase-messaging:23.2.0] AndroidManifest.xml:28:22-79
42
43    <permission
43-->[androidx.core:core:1.10.1] AndroidManifest.xml:22:5-24:47
44        android:name="com.example.app_auth.DYNAMIC_RECEIVER_NOT_EXPORTED_PERMISSION"
44-->[androidx.core:core:1.10.1] AndroidManifest.xml:23:9-81
45        android:protectionLevel="signature" />
45-->[androidx.core:core:1.10.1] AndroidManifest.xml:24:9-44
46
47    <uses-permission android:name="com.example.app_auth.DYNAMIC_RECEIVER_NOT_EXPORTED_PERMISSION" />
47-->[androidx.core:core:1.10.1] AndroidManifest.xml:26:5-97
47-->[androidx.core:core:1.10.1] AndroidManifest.xml:26:22-94
48
49    <application
50        android:name="android.app.Application"
50-->src\main\AndroidManifest.xml:5:9-42
51        android:appComponentFactory="androidx.core.app.CoreComponentFactory"
51-->[androidx.core:core:1.10.1] AndroidManifest.xml:28:18-86
52        android:icon="@mipmap/launcher_icon"
52-->src\main\AndroidManifest.xml:6:9-45
53        android:label="Disoarders" >
53-->src\main\AndroidManifest.xml:4:9-35
54        <activity
54-->src\main\AndroidManifest.xml:7:9-27:20
55            android:name="com.example.app_auth.MainActivity"
55-->src\main\AndroidManifest.xml:8:13-41
56            android:configChanges="orientation|keyboardHidden|keyboard|screenSize|smallestScreenSize|locale|layoutDirection|fontScale|screenLayout|density|uiMode"
56-->src\main\AndroidManifest.xml:12:13-163
57            android:exported="true"
57-->src\main\AndroidManifest.xml:9:13-36
58            android:hardwareAccelerated="true"
58-->src\main\AndroidManifest.xml:13:13-47
59            android:launchMode="singleTop"
59-->src\main\AndroidManifest.xml:10:13-43
60            android:theme="@style/LaunchTheme"
60-->src\main\AndroidManifest.xml:11:13-47
61            android:windowSoftInputMode="adjustResize" >
61-->src\main\AndroidManifest.xml:14:13-55
62
63            <!--
64                 Specifies an Android theme to apply to this Activity as soon as
65                 the Android process has started. This theme is visible to the user
66                 while the Flutter UI initializes. After that, this theme continues
67                 to determine the Window background behind the Flutter UI.
68            -->
69            <meta-data
69-->src\main\AndroidManifest.xml:19:13-22:17
70                android:name="io.flutter.embedding.android.NormalTheme"
70-->src\main\AndroidManifest.xml:20:15-70
71                android:resource="@style/NormalTheme" />
71-->src\main\AndroidManifest.xml:21:15-52
72
73            <intent-filter>
73-->src\main\AndroidManifest.xml:23:13-26:29
74                <action android:name="android.intent.action.MAIN" />
74-->src\main\AndroidManifest.xml:24:17-68
74-->src\main\AndroidManifest.xml:24:25-66
75
76                <category android:name="android.intent.category.LAUNCHER" />
76-->src\main\AndroidManifest.xml:25:17-76
76-->src\main\AndroidManifest.xml:25:27-74
77            </intent-filter>
78        </activity>
79        <!--
80             Don't delete the meta-data below.
81             This is used by the Flutter tool to generate GeneratedPluginRegistrant.java
82        -->
83        <meta-data
83-->src\main\AndroidManifest.xml:30:9-32:33
84            android:name="flutterEmbedding"
84-->src\main\AndroidManifest.xml:31:13-44
85            android:value="2" />
85-->src\main\AndroidManifest.xml:32:13-30
86        <meta-data
86-->src\main\AndroidManifest.xml:33:9-35:37
87            android:name="firebase_messaging_auto_init_enabled"
87-->src\main\AndroidManifest.xml:34:13-64
88            android:value="false" />
88-->src\main\AndroidManifest.xml:35:13-34
89        <meta-data
89-->src\main\AndroidManifest.xml:36:9-38:37
90            android:name="firebase_analytics_collection_enabled"
90-->src\main\AndroidManifest.xml:37:13-65
91            android:value="false" />
91-->src\main\AndroidManifest.xml:38:13-34
92
93        <service
93-->[:cloud_firestore] AndroidManifest.xml:10:9-14:19
94            android:name="com.google.firebase.components.ComponentDiscoveryService"
94-->[:cloud_firestore] AndroidManifest.xml:10:18-89
95            android:directBootAware="true"
95-->[com.google.firebase:firebase-common:20.3.3] AndroidManifest.xml:34:13-43
96            android:exported="false" >
96-->[com.google.firebase:firebase-auth:22.1.0] AndroidManifest.xml:68:13-37
97            <meta-data
97-->[:cloud_firestore] AndroidManifest.xml:11:13-13:85
98                android:name="com.google.firebase.components:io.flutter.plugins.firebase.firestore.FlutterFirebaseFirestoreRegistrar"
98-->[:cloud_firestore] AndroidManifest.xml:12:17-134
99                android:value="com.google.firebase.components.ComponentRegistrar" />
99-->[:cloud_firestore] AndroidManifest.xml:13:17-82
100            <meta-data
100-->[:firebase_auth] AndroidManifest.xml:11:13-13:85
101                android:name="com.google.firebase.components:io.flutter.plugins.firebase.auth.FlutterFirebaseAuthRegistrar"
101-->[:firebase_auth] AndroidManifest.xml:12:17-124
102                android:value="com.google.firebase.components.ComponentRegistrar" />
102-->[:firebase_auth] AndroidManifest.xml:13:17-82
103            <meta-data
103-->[:firebase_storage] AndroidManifest.xml:11:13-13:85
104                android:name="com.google.firebase.components:io.flutter.plugins.firebase.storage.FlutterFirebaseAppRegistrar"
104-->[:firebase_storage] AndroidManifest.xml:12:17-126
105                android:value="com.google.firebase.components.ComponentRegistrar" />
105-->[:firebase_storage] AndroidManifest.xml:13:17-82
106            <meta-data
106-->[:firebase_messaging] AndroidManifest.xml:38:13-40:85
107                android:name="com.google.firebase.components:io.flutter.plugins.firebase.messaging.FlutterFirebaseAppRegistrar"
107-->[:firebase_messaging] AndroidManifest.xml:39:17-128
108                android:value="com.google.firebase.components.ComponentRegistrar" />
108-->[:firebase_messaging] AndroidManifest.xml:40:17-82
109            <meta-data
109-->[:firebase_core] AndroidManifest.xml:11:13-13:85
110                android:name="com.google.firebase.components:io.flutter.plugins.firebase.core.FlutterFirebaseCoreRegistrar"
110-->[:firebase_core] AndroidManifest.xml:12:17-124
111                android:value="com.google.firebase.components.ComponentRegistrar" />
111-->[:firebase_core] AndroidManifest.xml:13:17-82
112            <meta-data
112-->[com.google.firebase:firebase-auth:22.1.0] AndroidManifest.xml:69:13-71:85
113                android:name="com.google.firebase.components:com.google.firebase.auth.FirebaseAuthRegistrar"
113-->[com.google.firebase:firebase-auth:22.1.0] AndroidManifest.xml:70:17-109
114                android:value="com.google.firebase.components.ComponentRegistrar" />
114-->[com.google.firebase:firebase-auth:22.1.0] AndroidManifest.xml:71:17-82
115            <meta-data
115-->[com.google.firebase:firebase-firestore:24.7.0] AndroidManifest.xml:19:13-21:85
116                android:name="com.google.firebase.components:com.google.firebase.firestore.FirestoreRegistrar"
116-->[com.google.firebase:firebase-firestore:24.7.0] AndroidManifest.xml:20:17-111
117                android:value="com.google.firebase.components.ComponentRegistrar" />
117-->[com.google.firebase:firebase-firestore:24.7.0] AndroidManifest.xml:21:17-82
118            <meta-data
118-->[com.google.firebase:firebase-messaging:23.2.0] AndroidManifest.xml:55:13-57:85
119                android:name="com.google.firebase.components:com.google.firebase.messaging.FirebaseMessagingRegistrar"
119-->[com.google.firebase:firebase-messaging:23.2.0] AndroidManifest.xml:56:17-119
120                android:value="com.google.firebase.components.ComponentRegistrar" />
120-->[com.google.firebase:firebase-messaging:23.2.0] AndroidManifest.xml:57:17-82
121            <meta-data
121-->[com.google.firebase:firebase-storage:20.2.1] AndroidManifest.xml:32:13-34:85
122                android:name="com.google.firebase.components:com.google.firebase.storage.StorageRegistrar"
122-->[com.google.firebase:firebase-storage:20.2.1] AndroidManifest.xml:33:17-107
123                android:value="com.google.firebase.components.ComponentRegistrar" />
123-->[com.google.firebase:firebase-storage:20.2.1] AndroidManifest.xml:34:17-82
124            <meta-data
124-->[com.google.firebase:firebase-iid:21.1.0] AndroidManifest.xml:32:13-34:85
125                android:name="com.google.firebase.components:com.google.firebase.iid.Registrar"
125-->[com.google.firebase:firebase-iid:21.1.0] AndroidManifest.xml:33:17-96
126                android:value="com.google.firebase.components.ComponentRegistrar" />
126-->[com.google.firebase:firebase-iid:21.1.0] AndroidManifest.xml:34:17-82
127            <meta-data
127-->[com.google.firebase:firebase-installations:17.1.3] AndroidManifest.xml:17:13-19:85
128                android:name="com.google.firebase.components:com.google.firebase.installations.FirebaseInstallationsRegistrar"
128-->[com.google.firebase:firebase-installations:17.1.3] AndroidManifest.xml:18:17-127
129                android:value="com.google.firebase.components.ComponentRegistrar" />
129-->[com.google.firebase:firebase-installations:17.1.3] AndroidManifest.xml:19:17-82
130            <meta-data
130-->[com.google.firebase:firebase-datatransport:18.1.7] AndroidManifest.xml:27:13-29:85
131                android:name="com.google.firebase.components:com.google.firebase.datatransport.TransportRegistrar"
131-->[com.google.firebase:firebase-datatransport:18.1.7] AndroidManifest.xml:28:17-115
132                android:value="com.google.firebase.components.ComponentRegistrar" />
132-->[com.google.firebase:firebase-datatransport:18.1.7] AndroidManifest.xml:29:17-82
133        </service>
134        <service
134-->[:firebase_messaging] AndroidManifest.xml:16:9-19:72
135            android:name="io.flutter.plugins.firebase.messaging.FlutterFirebaseMessagingBackgroundService"
135-->[:firebase_messaging] AndroidManifest.xml:17:13-107
136            android:exported="false"
136-->[:firebase_messaging] AndroidManifest.xml:18:13-37
137            android:permission="android.permission.BIND_JOB_SERVICE" />
137-->[:firebase_messaging] AndroidManifest.xml:19:13-69
138        <service
138-->[:firebase_messaging] AndroidManifest.xml:20:9-26:19
139            android:name="io.flutter.plugins.firebase.messaging.FlutterFirebaseMessagingService"
139-->[:firebase_messaging] AndroidManifest.xml:21:13-97
140            android:exported="false" >
140-->[:firebase_messaging] AndroidManifest.xml:22:13-37
141            <intent-filter>
141-->[:firebase_messaging] AndroidManifest.xml:23:13-25:29
142                <action android:name="com.google.firebase.MESSAGING_EVENT" />
142-->[:firebase_messaging] AndroidManifest.xml:24:17-78
142-->[:firebase_messaging] AndroidManifest.xml:24:25-75
143            </intent-filter>
144        </service>
145
146        <receiver
146-->[:firebase_messaging] AndroidManifest.xml:28:9-35:20
147            android:name="io.flutter.plugins.firebase.messaging.FlutterFirebaseMessagingReceiver"
147-->[:firebase_messaging] AndroidManifest.xml:29:13-98
148            android:exported="true"
148-->[:firebase_messaging] AndroidManifest.xml:30:13-36
149            android:permission="com.google.android.c2dm.permission.SEND" >
149-->[:firebase_messaging] AndroidManifest.xml:31:13-73
150            <intent-filter>
150-->[:firebase_messaging] AndroidManifest.xml:32:13-34:29
151                <action android:name="com.google.android.c2dm.intent.RECEIVE" />
151-->[:firebase_messaging] AndroidManifest.xml:33:17-81
151-->[:firebase_messaging] AndroidManifest.xml:33:25-78
152            </intent-filter>
153        </receiver>
154
155        <provider
155-->[:firebase_messaging] AndroidManifest.xml:43:9-47:38
156            android:name="io.flutter.plugins.firebase.messaging.FlutterFirebaseMessagingInitProvider"
156-->[:firebase_messaging] AndroidManifest.xml:44:13-102
157            android:authorities="com.example.app_auth.flutterfirebasemessaginginitprovider"
157-->[:firebase_messaging] AndroidManifest.xml:45:13-88
158            android:exported="false"
158-->[:firebase_messaging] AndroidManifest.xml:46:13-37
159            android:initOrder="99" />
159-->[:firebase_messaging] AndroidManifest.xml:47:13-35
160        <provider
160-->[:image_picker_android] AndroidManifest.xml:10:9-18:20
161            android:name="io.flutter.plugins.imagepicker.ImagePickerFileProvider"
161-->[:image_picker_android] AndroidManifest.xml:11:13-82
162            android:authorities="com.example.app_auth.flutter.image_provider"
162-->[:image_picker_android] AndroidManifest.xml:12:13-74
163            android:exported="false"
163-->[:image_picker_android] AndroidManifest.xml:13:13-37
164            android:grantUriPermissions="true" >
164-->[:image_picker_android] AndroidManifest.xml:14:13-47
165            <meta-data
165-->[:image_picker_android] AndroidManifest.xml:15:13-17:75
166                android:name="android.support.FILE_PROVIDER_PATHS"
166-->[:image_picker_android] AndroidManifest.xml:16:17-67
167                android:resource="@xml/flutter_image_picker_file_paths" />
167-->[:image_picker_android] AndroidManifest.xml:17:17-72
168        </provider>
169
170        <receiver
170-->[:flutter_local_notifications] AndroidManifest.xml:16:9-18:40
171            android:name="com.dexterous.flutterlocalnotifications.ActionBroadcastReceiver"
171-->[:flutter_local_notifications] AndroidManifest.xml:17:13-91
172            android:exported="false" />
172-->[:flutter_local_notifications] AndroidManifest.xml:18:13-37
173        <receiver
173-->[:flutter_local_notifications] AndroidManifest.xml:19:9-21:40
174            android:name="com.dexterous.flutterlocalnotifications.ScheduledNotificationReceiver"
174-->[:flutter_local_notifications] AndroidManifest.xml:20:13-97
175            android:exported="false" />
175-->[:flutter_local_notifications] AndroidManifest.xml:21:13-37
176        <receiver
176-->[:flutter_local_notifications] AndroidManifest.xml:22:9-31:20
177            android:name="com.dexterous.flutterlocalnotifications.ScheduledNotificationBootReceiver"
177-->[:flutter_local_notifications] AndroidManifest.xml:23:13-101
178            android:exported="false" >
178-->[:flutter_local_notifications] AndroidManifest.xml:24:13-37
179            <intent-filter>
179-->[:flutter_local_notifications] AndroidManifest.xml:25:13-30:29
180                <action android:name="android.intent.action.BOOT_COMPLETED" />
180-->[:flutter_local_notifications] AndroidManifest.xml:26:17-79
180-->[:flutter_local_notifications] AndroidManifest.xml:26:25-76
181                <action android:name="android.intent.action.MY_PACKAGE_REPLACED" />
181-->[:flutter_local_notifications] AndroidManifest.xml:27:17-84
181-->[:flutter_local_notifications] AndroidManifest.xml:27:25-81
182                <action android:name="android.intent.action.QUICKBOOT_POWERON" />
182-->[:flutter_local_notifications] AndroidManifest.xml:28:17-82
182-->[:flutter_local_notifications] AndroidManifest.xml:28:25-79
183                <action android:name="com.htc.intent.action.QUICKBOOT_POWERON" />
183-->[:flutter_local_notifications] AndroidManifest.xml:29:17-82
183-->[:flutter_local_notifications] AndroidManifest.xml:29:25-79
184            </intent-filter>
185        </receiver>
186
187        <activity
187-->[:flutter_inappwebview] AndroidManifest.xml:16:9-20:47
188            android:name="com.pichillilorenzo.flutter_inappwebview.in_app_browser.InAppBrowserActivity"
188-->[:flutter_inappwebview] AndroidManifest.xml:17:13-104
189            android:configChanges="orientation|keyboardHidden|keyboard|screenSize|locale|layoutDirection|fontScale|screenLayout|density"
189-->[:flutter_inappwebview] AndroidManifest.xml:18:13-137
190            android:exported="false"
190-->[:flutter_inappwebview] AndroidManifest.xml:19:13-37
191            android:theme="@style/AppTheme" />
191-->[:flutter_inappwebview] AndroidManifest.xml:20:13-44
192        <activity
192-->[:flutter_inappwebview] AndroidManifest.xml:21:9-24:55
193            android:name="com.pichillilorenzo.flutter_inappwebview.chrome_custom_tabs.ChromeCustomTabsActivity"
193-->[:flutter_inappwebview] AndroidManifest.xml:22:13-112
194            android:exported="false"
194-->[:flutter_inappwebview] AndroidManifest.xml:23:13-37
195            android:theme="@style/ThemeTransparent" />
195-->[:flutter_inappwebview] AndroidManifest.xml:24:13-52
196        <activity
196-->[:flutter_inappwebview] AndroidManifest.xml:25:9-28:55
197            android:name="com.pichillilorenzo.flutter_inappwebview.chrome_custom_tabs.TrustedWebActivity"
197-->[:flutter_inappwebview] AndroidManifest.xml:26:13-106
198            android:exported="false"
198-->[:flutter_inappwebview] AndroidManifest.xml:27:13-37
199            android:theme="@style/ThemeTransparent" />
199-->[:flutter_inappwebview] AndroidManifest.xml:28:13-52
200        <activity
200-->[:flutter_inappwebview] AndroidManifest.xml:29:9-33:55
201            android:name="com.pichillilorenzo.flutter_inappwebview.chrome_custom_tabs.ChromeCustomTabsActivitySingleInstance"
201-->[:flutter_inappwebview] AndroidManifest.xml:30:13-126
202            android:exported="false"
202-->[:flutter_inappwebview] AndroidManifest.xml:31:13-37
203            android:launchMode="singleInstance"
203-->[:flutter_inappwebview] AndroidManifest.xml:32:13-48
204            android:theme="@style/ThemeTransparent" />
204-->[:flutter_inappwebview] AndroidManifest.xml:33:13-52
205        <activity
205-->[:flutter_inappwebview] AndroidManifest.xml:34:9-38:55
206            android:name="com.pichillilorenzo.flutter_inappwebview.chrome_custom_tabs.TrustedWebActivitySingleInstance"
206-->[:flutter_inappwebview] AndroidManifest.xml:35:13-120
207            android:exported="false"
207-->[:flutter_inappwebview] AndroidManifest.xml:36:13-37
208            android:launchMode="singleInstance"
208-->[:flutter_inappwebview] AndroidManifest.xml:37:13-48
209            android:theme="@style/ThemeTransparent" />
209-->[:flutter_inappwebview] AndroidManifest.xml:38:13-52
210
211        <receiver
211-->[:flutter_inappwebview] AndroidManifest.xml:40:9-43:40
212            android:name="com.pichillilorenzo.flutter_inappwebview.chrome_custom_tabs.ActionBroadcastReceiver"
212-->[:flutter_inappwebview] AndroidManifest.xml:41:13-111
213            android:enabled="true"
213-->[:flutter_inappwebview] AndroidManifest.xml:42:13-35
214            android:exported="false" />
214-->[:flutter_inappwebview] AndroidManifest.xml:43:13-37
215
216        <meta-data
216-->[:flutter_inappwebview] AndroidManifest.xml:45:9-47:36
217            android:name="io.flutter.embedded_views_preview"
217-->[:flutter_inappwebview] AndroidManifest.xml:46:13-61
218            android:value="true" />
218-->[:flutter_inappwebview] AndroidManifest.xml:47:13-33
219
220        <activity
220-->[com.google.firebase:firebase-auth:22.1.0] AndroidManifest.xml:29:9-46:20
221            android:name="com.google.firebase.auth.internal.GenericIdpActivity"
221-->[com.google.firebase:firebase-auth:22.1.0] AndroidManifest.xml:30:13-80
222            android:excludeFromRecents="true"
222-->[com.google.firebase:firebase-auth:22.1.0] AndroidManifest.xml:31:13-46
223            android:exported="true"
223-->[com.google.firebase:firebase-auth:22.1.0] AndroidManifest.xml:32:13-36
224            android:launchMode="singleTask"
224-->[com.google.firebase:firebase-auth:22.1.0] AndroidManifest.xml:33:13-44
225            android:theme="@android:style/Theme.Translucent.NoTitleBar" >
225-->[com.google.firebase:firebase-auth:22.1.0] AndroidManifest.xml:34:13-72
226            <intent-filter>
226-->[com.google.firebase:firebase-auth:22.1.0] AndroidManifest.xml:35:13-45:29
227                <action android:name="android.intent.action.VIEW" />
227-->[com.google.firebase:firebase-auth:22.1.0] AndroidManifest.xml:36:17-69
227-->[com.google.firebase:firebase-auth:22.1.0] AndroidManifest.xml:36:25-66
228
229                <category android:name="android.intent.category.DEFAULT" />
229-->[com.google.firebase:firebase-auth:22.1.0] AndroidManifest.xml:38:17-76
229-->[com.google.firebase:firebase-auth:22.1.0] AndroidManifest.xml:38:27-73
230                <category android:name="android.intent.category.BROWSABLE" />
230-->[com.google.firebase:firebase-auth:22.1.0] AndroidManifest.xml:39:17-78
230-->[com.google.firebase:firebase-auth:22.1.0] AndroidManifest.xml:39:27-75
231
232                <data
232-->[:file_picker] AndroidManifest.xml:15:13-44
233                    android:host="firebase.auth"
234                    android:path="/"
235                    android:scheme="genericidp" />
236            </intent-filter>
237        </activity>
238        <activity
238-->[com.google.firebase:firebase-auth:22.1.0] AndroidManifest.xml:47:9-64:20
239            android:name="com.google.firebase.auth.internal.RecaptchaActivity"
239-->[com.google.firebase:firebase-auth:22.1.0] AndroidManifest.xml:48:13-79
240            android:excludeFromRecents="true"
240-->[com.google.firebase:firebase-auth:22.1.0] AndroidManifest.xml:49:13-46
241            android:exported="true"
241-->[com.google.firebase:firebase-auth:22.1.0] AndroidManifest.xml:50:13-36
242            android:launchMode="singleTask"
242-->[com.google.firebase:firebase-auth:22.1.0] AndroidManifest.xml:51:13-44
243            android:theme="@android:style/Theme.Translucent.NoTitleBar" >
243-->[com.google.firebase:firebase-auth:22.1.0] AndroidManifest.xml:52:13-72
244            <intent-filter>
244-->[com.google.firebase:firebase-auth:22.1.0] AndroidManifest.xml:53:13-63:29
245                <action android:name="android.intent.action.VIEW" />
245-->[com.google.firebase:firebase-auth:22.1.0] AndroidManifest.xml:36:17-69
245-->[com.google.firebase:firebase-auth:22.1.0] AndroidManifest.xml:36:25-66
246
247                <category android:name="android.intent.category.DEFAULT" />
247-->[com.google.firebase:firebase-auth:22.1.0] AndroidManifest.xml:38:17-76
247-->[com.google.firebase:firebase-auth:22.1.0] AndroidManifest.xml:38:27-73
248                <category android:name="android.intent.category.BROWSABLE" />
248-->[com.google.firebase:firebase-auth:22.1.0] AndroidManifest.xml:39:17-78
248-->[com.google.firebase:firebase-auth:22.1.0] AndroidManifest.xml:39:27-75
249
250                <data
250-->[:file_picker] AndroidManifest.xml:15:13-44
251                    android:host="firebase.auth"
252                    android:path="/"
253                    android:scheme="recaptcha" />
254            </intent-filter>
255        </activity>
256        <activity
256-->[com.google.android.gms:play-services-auth:20.6.0] AndroidManifest.xml:23:9-27:75
257            android:name="com.google.android.gms.auth.api.signin.internal.SignInHubActivity"
257-->[com.google.android.gms:play-services-auth:20.6.0] AndroidManifest.xml:24:13-93
258            android:excludeFromRecents="true"
258-->[com.google.android.gms:play-services-auth:20.6.0] AndroidManifest.xml:25:13-46
259            android:exported="false"
259-->[com.google.android.gms:play-services-auth:20.6.0] AndroidManifest.xml:26:13-37
260            android:theme="@android:style/Theme.Translucent.NoTitleBar" />
260-->[com.google.android.gms:play-services-auth:20.6.0] AndroidManifest.xml:27:13-72
261        <!--
262            Service handling Google Sign-In user revocation. For apps that do not integrate with
263            Google Sign-In, this service will never be started.
264        -->
265        <service
265-->[com.google.android.gms:play-services-auth:20.6.0] AndroidManifest.xml:33:9-37:51
266            android:name="com.google.android.gms.auth.api.signin.RevocationBoundService"
266-->[com.google.android.gms:play-services-auth:20.6.0] AndroidManifest.xml:34:13-89
267            android:exported="true"
267-->[com.google.android.gms:play-services-auth:20.6.0] AndroidManifest.xml:35:13-36
268            android:permission="com.google.android.gms.auth.api.signin.permission.REVOCATION_NOTIFICATION"
268-->[com.google.android.gms:play-services-auth:20.6.0] AndroidManifest.xml:36:13-107
269            android:visibleToInstantApps="true" />
269-->[com.google.android.gms:play-services-auth:20.6.0] AndroidManifest.xml:37:13-48
270
271        <receiver
271-->[com.google.firebase:firebase-messaging:23.2.0] AndroidManifest.xml:31:9-38:20
272            android:name="com.google.firebase.iid.FirebaseInstanceIdReceiver"
272-->[com.google.firebase:firebase-messaging:23.2.0] AndroidManifest.xml:32:13-78
273            android:exported="true"
273-->[com.google.firebase:firebase-messaging:23.2.0] AndroidManifest.xml:33:13-36
274            android:permission="com.google.android.c2dm.permission.SEND" >
274-->[com.google.firebase:firebase-messaging:23.2.0] AndroidManifest.xml:34:13-73
275            <intent-filter>
275-->[:firebase_messaging] AndroidManifest.xml:32:13-34:29
276                <action android:name="com.google.android.c2dm.intent.RECEIVE" />
276-->[:firebase_messaging] AndroidManifest.xml:33:17-81
276-->[:firebase_messaging] AndroidManifest.xml:33:25-78
277            </intent-filter>
278        </receiver>
279        <!--
280             FirebaseMessagingService performs security checks at runtime,
281             but set to not exported to explicitly avoid allowing another app to call it.
282        -->
283        <service
283-->[com.google.firebase:firebase-messaging:23.2.0] AndroidManifest.xml:44:9-51:19
284            android:name="com.google.firebase.messaging.FirebaseMessagingService"